Started
[Thu Oct 01 18:36:17 UTC 2020] Starting branch indexing...
 > git --version # timeout=10
 > git --version # 'git version 2.17.1'
 > git ls-remote --symref -- https://github.com/ranadheer-k/eShopOnWeb # timeout=10
Creating git repository in /var/lib/jenkins/caches/git-57ee8a7bc1e8a29142d60fcbd68fc52e
 > git init /var/lib/jenkins/caches/git-57ee8a7bc1e8a29142d60fcbd68fc52e # timeout=10
Setting origin to https://github.com/ranadheer-k/eShopOnWeb
 > git config remote.origin.url https://github.com/ranadheer-k/eShopOnWeb # timeout=10
Fetching & pruning origin...
Listing remote references...
 > git config --get remote.origin.url # timeout=10
 > git --version # timeout=10
 > git --version # 'git version 2.17.1'
 > git ls-remote -h -- https://github.com/ranadheer-k/eShopOnWeb # timeout=10
Fetching upstream changes from origin
 > git config --get remote.origin.url # timeout=10
 > git fetch --tags --progress --prune -- origin +refs/heads/*:refs/remotes/origin/* # timeout=10
Checking branches...
  Checking branch ardalis/apis-and-updates
      ‘Jenkinsfile’ not found
    Does not meet criteria
  Checking branch issue-153/remove-basket-items-if-basket-deleted
      ‘Jenkinsfile’ not found
    Does not meet criteria
  Checking branch netcore2.1
      ‘Jenkinsfile’ not found
    Does not meet criteria
  Checking branch netcore3.0
      ‘Jenkinsfile’ not found
    Does not meet criteria
  Checking branch working-with-solution
      ‘Jenkinsfile’ not found
    Does not meet criteria
  Checking branch netcore2.0
      ‘Jenkinsfile’ not found
    Does not meet criteria
  Checking branch ardalis/3_x_migration
      ‘Jenkinsfile’ not found
    Does not meet criteria
  Checking branch feature/enh-powerplatform-integ
      ‘Jenkinsfile’ not found
    Does not meet criteria
  Checking branch admin-page
      ‘Jenkinsfile’ not found
    Does not meet criteria
  Checking branch master
      ‘Jenkinsfile’ found
    Met criteria
Scheduled build for branch: master
  Checking branch return-error-to-user-from-ApplicationCore
      ‘Jenkinsfile’ not found
    Does not meet criteria
  Checking branch catalog-viewmodel-service
      ‘Jenkinsfile’ not found
    Does not meet criteria
  Checking branch selenium
      ‘Jenkinsfile’ not found
    Does not meet criteria
Processed 13 branches
[Thu Oct 01 18:36:22 UTC 2020] Finished branch indexing. Indexing took 4.4 sec
Finished: SUCCESS
